# JRE version: Java(TM) SE Runtime Environment (8.0_211-b12) (build 1.8.0_211-b12)
# Java VM: Java HotSpot(TM) 64-Bit Server VM (25.211-b12 mixed mode windows-amd64 compressed oops)
Heap:
 PSYoungGen      total 220160K, used 57810K [0x00000000d5d00000, 0x00000000e3e80000, 0x0000000100000000)
  eden space 210432K, 24% used [0x00000000d5d00000,0x00000000d9036318,0x00000000e2a80000)
  from space 9728K, 55% used [0x00000000e2a80000,0x00000000e2fbe888,0x00000000e3400000)
  to   space 8704K, 0% used [0x00000000e3400000,0x00000000e3400000,0x00000000e3c80000)
 ParOldGen       total 74240K, used 24043K [0x0000000081600000, 0x0000000085e80000, 0x00000000d5d00000)
  object space 74240K, 32% used [0x0000000081600000,0x0000000082d7afe8,0x0000000085e80000)
 Metaspace       used 24883K, capacity 25210K, committed 25600K, reserved 1071104K
  class space    used 3108K, capacity 3201K, committed 3328K, reserved 1048576K
GC Heap History (10 events):
Event: 18.208 GC heap before
{Heap before GC invocations=12 (full 0):
 PSYoungGen      total 220160K, used 220145K [0x00000000d5d00000, 0x00000000e3e80000, 0x0000000100000000)
  eden space 210432K, 100% used [0x00000000d5d00000,0x00000000e2a80000,0x00000000e2a80000)
  from space 9728K, 99% used [0x00000000e2a80000,0x00000000e33fc5f8,0x00000000e3400000)
  to   space 8704K, 0% used [0x00000000e3400000,0x00000000e3400000,0x00000000e3c80000)
 ParOldGen       total 87552K, used 17445K [0x0000000081600000, 0x0000000086b80000, 0x00000000d5d00000)
  object space 87552K, 19% used [0x0000000081600000,0x0000000082709740,0x0000000086b80000)
 Metaspace       used 19950K, capacity 20144K, committed 20352K, reserved 1067008K
  class space    used 2506K, capacity 2602K, committed 2688K, reserved 1048576K
Event: 18.227 GC heap after
Heap after GC invocations=12 (full 0):
 PSYoungGen      total 219136K, used 6751K [0x00000000d5d00000, 0x00000000e3e80000, 0x0000000100000000)
  eden space 210432K, 0% used [0x00000000d5d00000,0x00000000d5d00000,0x00000000e2a80000)
  from space 8704K, 77% used [0x00000000e3400000,0x00000000e3a97c08,0x00000000e3c80000)
  to   space 9728K, 0% used [0x00000000e2a80000,0x00000000e2a80000,0x00000000e3400000)
 ParOldGen       total 87552K, used 21612K [0x0000000081600000, 0x0000000086b80000, 0x00000000d5d00000)
  object space 87552K, 24% used [0x0000000081600000,0x0000000082b1b220,0x0000000086b80000)
 Metaspace       used 19950K, capacity 20144K, committed 20352K, reserved 1067008K
  class space    used 2506K, capacity 2602K, committed 2688K, reserved 1048576K
}
Event: 18.706 GC heap before
{Heap before GC invocations=13 (full 0):
 PSYoungGen      total 219136K, used 106290K [0x00000000d5d00000, 0x00000000e3e80000, 0x0000000100000000)
  eden space 210432K, 47% used [0x00000000d5d00000,0x00000000dbe34c80,0x00000000e2a80000)
  from space 8704K, 77% used [0x00000000e3400000,0x00000000e3a97c08,0x00000000e3c80000)
  to   space 9728K, 0% used [0x00000000e2a80000,0x00000000e2a80000,0x00000000e3400000)
 ParOldGen       total 87552K, used 21612K [0x0000000081600000, 0x0000000086b80000, 0x00000000d5d00000)
  object space 87552K, 24% used [0x0000000081600000,0x0000000082b1b220,0x0000000086b80000)
 Metaspace       used 20892K, capacity 21040K, committed 21296K, reserved 1069056K
  class space    used 2604K, capacity 2666K, committed 2688K, reserved 1048576K
Event: 18.715 GC heap after
Heap after GC invocations=13 (full 0):
 PSYoungGen      total 220160K, used 4241K [0x00000000d5d00000, 0x00000000e3e80000, 0x0000000100000000)
  eden space 210432K, 0% used [0x00000000d5d00000,0x00000000d5d00000,0x00000000e2a80000)
  from space 9728K, 43% used [0x00000000e2a80000,0x00000000e2ea4578,0x00000000e3400000)
  to   space 8704K, 0% used [0x00000000e3400000,0x00000000e3400000,0x00000000e3c80000)
 ParOldGen       total 87552K, used 24430K [0x0000000081600000, 0x0000000086b80000, 0x00000000d5d00000)
  object space 87552K, 27% used [0x0000000081600000,0x0000000082ddb918,0x0000000086b80000)
 Metaspace       used 20892K, capacity 21040K, committed 21296K, reserved 1069056K
  class space    used 2604K, capacity 2666K, committed 2688K, reserved 1048576K
}
Event: 18.715 GC heap before
{Heap before GC invocations=14 (full 1):
 PSYoungGen      total 220160K, used 4241K [0x00000000d5d00000, 0x00000000e3e80000, 0x0000000100000000)
  eden space 210432K, 0% used [0x00000000d5d00000,0x00000000d5d00000,0x00000000e2a80000)
  from space 9728K, 43% used [0x00000000e2a80000,0x00000000e2ea4578,0x00000000e3400000)
  to   space 8704K, 0% used [0x00000000e3400000,0x00000000e3400000,0x00000000e3c80000)
 ParOldGen       total 87552K, used 24430K [0x0000000081600000, 0x0000000086b80000, 0x00000000d5d00000)
  object space 87552K, 27% used [0x0000000081600000,0x0000000082ddb918,0x0000000086b80000)
 Metaspace       used 20892K, capacity 21040K, committed 21296K, reserved 1069056K
  class space    used 2604K, capacity 2666K, committed 2688K, reserved 1048576K
Event: 18.861 GC heap after
Heap after GC invocations=14 (full 1):
 PSYoungGen      total 220160K, used 0K [0x00000000d5d00000, 0x00000000e3e80000, 0x0000000100000000)
  eden space 210432K, 0% used [0x00000000d5d00000,0x00000000d5d00000,0x00000000e2a80000)
  from space 9728K, 0% used [0x00000000e2a80000,0x00000000e2a80000,0x00000000e3400000)
  to   space 8704K, 0% used [0x00000000e3400000,0x00000000e3400000,0x00000000e3c80000)
 ParOldGen       total 74240K, used 22715K [0x0000000081600000, 0x0000000085e80000, 0x00000000d5d00000)
  object space 74240K, 30% used [0x0000000081600000,0x0000000082c2efe8,0x0000000085e80000)
 Metaspace       used 20892K, capacity 21040K, committed 21296K, reserved 1069056K
  class space    used 2604K, capacity 2666K, committed 2688K, reserved 1048576K
}
Event: 19.970 GC heap before
{Heap before GC invocations=15 (full 1):
 PSYoungGen      total 220160K, used 210432K [0x00000000d5d00000, 0x00000000e3e80000, 0x0000000100000000)
  eden space 210432K, 100% used [0x00000000d5d00000,0x00000000e2a80000,0x00000000e2a80000)
  from space 9728K, 0% used [0x00000000e2a80000,0x00000000e2a80000,0x00000000e3400000)
  to   space 8704K, 0% used [0x00000000e3400000,0x00000000e3400000,0x00000000e3c80000)
 ParOldGen       total 74240K, used 22715K [0x0000000081600000, 0x0000000085e80000, 0x00000000d5d00000)
  object space 74240K, 30% used [0x0000000081600000,0x0000000082c2efe8,0x0000000085e80000)
 Metaspace       used 23005K, capacity 23158K, committed 23344K, reserved 1069056K
  class space    used 2870K, capacity 2923K, committed 2944K, reserved 1048576K
Event: 19.986 GC heap after
Heap after GC invocations=15 (full 1):
 PSYoungGen      total 219136K, used 4767K [0x00000000d5d00000, 0x00000000e3e80000, 0x0000000100000000)
  eden space 210432K, 0% used [0x00000000d5d00000,0x00000000d5d00000,0x00000000e2a80000)
  from space 8704K, 54% used [0x00000000e3400000,0x00000000e38a7ca0,0x00000000e3c80000)
  to   space 9728K, 0% used [0x00000000e2a80000,0x00000000e2a80000,0x00000000e3400000)
 ParOldGen       total 74240K, used 22723K [0x0000000081600000, 0x0000000085e80000, 0x00000000d5d00000)
  object space 74240K, 30% used [0x0000000081600000,0x0000000082c30fe8,0x0000000085e80000)
 Metaspace       used 23005K, capacity 23158K, committed 23344K, reserved 1069056K
  class space    used 2870K, capacity 2923K, committed 2944K, reserved 1048576K
}
Event: 21.126 GC heap before
{Heap before GC invocations=16 (full 1):
 PSYoungGen      total 219136K, used 215199K [0x00000000d5d00000, 0x00000000e3e80000, 0x0000000100000000)
  eden space 210432K, 100% used [0x00000000d5d00000,0x00000000e2a80000,0x00000000e2a80000)
  from space 8704K, 54% used [0x00000000e3400000,0x00000000e38a7ca0,0x00000000e3c80000)
  to   space 9728K, 0% used [0x00000000e2a80000,0x00000000e2a80000,0x00000000e3400000)
 ParOldGen       total 74240K, used 22723K [0x0000000081600000, 0x0000000085e80000, 0x00000000d5d00000)
  object space 74240K, 30% used [0x0000000081600000,0x0000000082c30fe8,0x0000000085e80000)
 Metaspace       used 24580K, capacity 24890K, committed 25216K, reserved 1071104K
  class space    used 3061K, capacity 3137K, committed 3200K, reserved 1048576K
Event: 21.150 GC heap after
Heap after GC invocations=16 (full 1):
 PSYoungGen      total 220160K, used 5370K [0x00000000d5d00000, 0x00000000e3e80000, 0x0000000100000000)
  eden space 210432K, 0% used [0x00000000d5d00000,0x00000000d5d00000,0x00000000e2a80000)
  from space 9728K, 55% used [0x00000000e2a80000,0x00000000e2fbe888,0x00000000e3400000)
  to   space 8704K, 0% used [0x00000000e3400000,0x00000000e3400000,0x00000000e3c80000)
 ParOldGen       total 74240K, used 24043K [0x0000000081600000, 0x0000000085e80000, 0x00000000d5d00000)
  object space 74240K, 32% used [0x0000000081600000,0x0000000082d7afe8,0x0000000085e80000)
 Metaspace       used 24580K, capacity 24890K, committed 25216K, reserved 1071104K
  class space    used 3061K, capacity 3137K, committed 3200K, reserved 1048576K
}

