# JRE version: Java(TM) SE Runtime Environment (8.0_211-b12) (build 1.8.0_211-b12)
# Java VM: Java HotSpot(TM) 64-Bit Server VM (25.211-b12 mixed mode windows-amd64 compressed oops)
Heap:
 PSYoungGen      total 347136K, used 71572K [0x00000000d5d00000, 0x00000000ebd80000, 0x0000000100000000)
  eden space 334336K, 18% used [0x00000000d5d00000,0x00000000d98406f0,0x00000000ea380000)
  from space 12800K, 85% used [0x00000000eb100000,0x00000000ebba4b70,0x00000000ebd80000)
  to   space 13312K, 0% used [0x00000000ea380000,0x00000000ea380000,0x00000000eb080000)
 ParOldGen       total 70144K, used 26367K [0x0000000081600000, 0x0000000085a80000, 0x00000000d5d00000)
  object space 70144K, 37% used [0x0000000081600000,0x0000000082fbfd08,0x0000000085a80000)
 Metaspace       used 31893K, capacity 32346K, committed 32512K, reserved 1077248K
  class space    used 3890K, capacity 4045K, committed 4096K, reserved 1048576K
GC Heap History (10 events):
Event: 15.898 GC heap before
{Heap before GC invocations=13 (full 0):
 PSYoungGen      total 347136K, used 104990K [0x00000000d5d00000, 0x00000000ebd80000, 0x0000000100000000)
  eden space 334336K, 29% used [0x00000000d5d00000,0x00000000dbcc23d8,0x00000000ea380000)
  from space 12800K, 54% used [0x00000000eb100000,0x00000000eb7c57b8,0x00000000ebd80000)
  to   space 13312K, 0% used [0x00000000ea380000,0x00000000ea380000,0x00000000eb080000)
 ParOldGen       total 87552K, used 18391K [0x0000000081600000, 0x0000000086b80000, 0x00000000d5d00000)
  object space 87552K, 21% used [0x0000000081600000,0x00000000827f5f68,0x0000000086b80000)
 Metaspace       used 20892K, capacity 21040K, committed 21296K, reserved 1069056K
  class space    used 2605K, capacity 2666K, committed 2688K, reserved 1048576K
Event: 15.913 GC heap after
Heap after GC invocations=13 (full 0):
 PSYoungGen      total 347648K, used 4032K [0x00000000d5d00000, 0x00000000ebd80000, 0x0000000100000000)
  eden space 334336K, 0% used [0x00000000d5d00000,0x00000000d5d00000,0x00000000ea380000)
  from space 13312K, 30% used [0x00000000ea380000,0x00000000ea770340,0x00000000eb080000)
  to   space 12800K, 0% used [0x00000000eb100000,0x00000000eb100000,0x00000000ebd80000)
 ParOldGen       total 87552K, used 21168K [0x0000000081600000, 0x0000000086b80000, 0x00000000d5d00000)
  object space 87552K, 24% used [0x0000000081600000,0x0000000082aac260,0x0000000086b80000)
 Metaspace       used 20892K, capacity 21040K, committed 21296K, reserved 1069056K
  class space    used 2605K, capacity 2666K, committed 2688K, reserved 1048576K
}
Event: 15.913 GC heap before
{Heap before GC invocations=14 (full 1):
 PSYoungGen      total 347648K, used 4032K [0x00000000d5d00000, 0x00000000ebd80000, 0x0000000100000000)
  eden space 334336K, 0% used [0x00000000d5d00000,0x00000000d5d00000,0x00000000ea380000)
  from space 13312K, 30% used [0x00000000ea380000,0x00000000ea770340,0x00000000eb080000)
  to   space 12800K, 0% used [0x00000000eb100000,0x00000000eb100000,0x00000000ebd80000)
 ParOldGen       total 87552K, used 21168K [0x0000000081600000, 0x0000000086b80000, 0x00000000d5d00000)
  object space 87552K, 24% used [0x0000000081600000,0x0000000082aac260,0x0000000086b80000)
 Metaspace       used 20892K, capacity 21040K, committed 21296K, reserved 1069056K
  class space    used 2605K, capacity 2666K, committed 2688K, reserved 1048576K
Event: 16.052 GC heap after
Heap after GC invocations=14 (full 1):
 PSYoungGen      total 347648K, used 0K [0x00000000d5d00000, 0x00000000ebd80000, 0x0000000100000000)
  eden space 334336K, 0% used [0x00000000d5d00000,0x00000000d5d00000,0x00000000ea380000)
  from space 13312K, 0% used [0x00000000ea380000,0x00000000ea380000,0x00000000eb080000)
  to   space 12800K, 0% used [0x00000000eb100000,0x00000000eb100000,0x00000000ebd80000)
 ParOldGen       total 70144K, used 20239K [0x0000000081600000, 0x0000000085a80000, 0x00000000d5d00000)
  object space 70144K, 28% used [0x0000000081600000,0x00000000829c3c80,0x0000000085a80000)
 Metaspace       used 20892K, capacity 21040K, committed 21296K, reserved 1069056K
  class space    used 2605K, capacity 2666K, committed 2688K, reserved 1048576K
}
Event: 17.720 GC heap before
{Heap before GC invocations=15 (full 1):
 PSYoungGen      total 347648K, used 334336K [0x00000000d5d00000, 0x00000000ebd80000, 0x0000000100000000)
  eden space 334336K, 100% used [0x00000000d5d00000,0x00000000ea380000,0x00000000ea380000)
  from space 13312K, 0% used [0x00000000ea380000,0x00000000ea380000,0x00000000eb080000)
  to   space 12800K, 0% used [0x00000000eb100000,0x00000000eb100000,0x00000000ebd80000)
 ParOldGen       total 70144K, used 20239K [0x0000000081600000, 0x0000000085a80000, 0x00000000d5d00000)
  object space 70144K, 28% used [0x0000000081600000,0x00000000829c3c80,0x0000000085a80000)
 Metaspace       used 24156K, capacity 24474K, committed 24704K, reserved 1071104K
  class space    used 2996K, capacity 3105K, committed 3200K, reserved 1048576K
Event: 17.733 GC heap after
Heap after GC invocations=15 (full 1):
 PSYoungGen      total 347136K, used 7490K [0x00000000d5d00000, 0x00000000ebd80000, 0x0000000100000000)
  eden space 334336K, 0% used [0x00000000d5d00000,0x00000000d5d00000,0x00000000ea380000)
  from space 12800K, 58% used [0x00000000eb100000,0x00000000eb8509d0,0x00000000ebd80000)
  to   space 13312K, 0% used [0x00000000ea380000,0x00000000ea380000,0x00000000eb080000)
 ParOldGen       total 70144K, used 20247K [0x0000000081600000, 0x0000000085a80000, 0x00000000d5d00000)
  object space 70144K, 28% used [0x0000000081600000,0x00000000829c5c80,0x0000000085a80000)
 Metaspace       used 24156K, capacity 24474K, committed 24704K, reserved 1071104K
  class space    used 2996K, capacity 3105K, committed 3200K, reserved 1048576K
}
Event: 20.124 GC heap before
{Heap before GC invocations=16 (full 1):
 PSYoungGen      total 347136K, used 341826K [0x00000000d5d00000, 0x00000000ebd80000, 0x0000000100000000)
  eden space 334336K, 100% used [0x00000000d5d00000,0x00000000ea380000,0x00000000ea380000)
  from space 12800K, 58% used [0x00000000eb100000,0x00000000eb8509d0,0x00000000ebd80000)
  to   space 13312K, 0% used [0x00000000ea380000,0x00000000ea380000,0x00000000eb080000)
 ParOldGen       total 70144K, used 20258K [0x0000000081600000, 0x0000000085a80000, 0x00000000d5d00000)
  object space 70144K, 28% used [0x0000000081600000,0x00000000829c8ad8,0x0000000085a80000)
 Metaspace       used 27391K, capacity 27812K, committed 28160K, reserved 1073152K
  class space    used 3337K, capacity 3476K, committed 3584K, reserved 1048576K
Event: 20.147 GC heap after
Heap after GC invocations=16 (full 1):
 PSYoungGen      total 347648K, used 8938K [0x00000000d5d00000, 0x00000000ebd80000, 0x0000000100000000)
  eden space 334336K, 0% used [0x00000000d5d00000,0x00000000d5d00000,0x00000000ea380000)
  from space 13312K, 67% used [0x00000000ea380000,0x00000000eac3ab88,0x00000000eb080000)
  to   space 12800K, 0% used [0x00000000eb100000,0x00000000eb100000,0x00000000ebd80000)
 ParOldGen       total 70144K, used 22387K [0x0000000081600000, 0x0000000085a80000, 0x00000000d5d00000)
  object space 70144K, 31% used [0x0000000081600000,0x0000000082bdce40,0x0000000085a80000)
 Metaspace       used 27391K, capacity 27812K, committed 28160K, reserved 1073152K
  class space    used 3337K, capacity 3476K, committed 3584K, reserved 1048576K
}
Event: 23.842 GC heap before
{Heap before GC invocations=17 (full 1):
 PSYoungGen      total 347648K, used 343274K [0x00000000d5d00000, 0x00000000ebd80000, 0x0000000100000000)
  eden space 334336K, 100% used [0x00000000d5d00000,0x00000000ea380000,0x00000000ea380000)
  from space 13312K, 67% used [0x00000000ea380000,0x00000000eac3ab88,0x00000000eb080000)
  to   space 12800K, 0% used [0x00000000eb100000,0x00000000eb100000,0x00000000ebd80000)
 ParOldGen       total 70144K, used 22395K [0x0000000081600000, 0x0000000085a80000, 0x00000000d5d00000)
  object space 70144K, 31% used [0x0000000081600000,0x0000000082bdefb8,0x0000000085a80000)
 Metaspace       used 31239K, capacity 31706K, committed 32000K, reserved 1077248K
  class space    used 3816K, capacity 3981K, committed 4096K, reserved 1048576K
Event: 23.873 GC heap after
Heap after GC invocations=17 (full 1):
 PSYoungGen      total 347136K, used 10898K [0x00000000d5d00000, 0x00000000ebd80000, 0x0000000100000000)
  eden space 334336K, 0% used [0x00000000d5d00000,0x00000000d5d00000,0x00000000ea380000)
  from space 12800K, 85% used [0x00000000eb100000,0x00000000ebba4b70,0x00000000ebd80000)
  to   space 13312K, 0% used [0x00000000ea380000,0x00000000ea380000,0x00000000eb080000)
 ParOldGen       total 70144K, used 26367K [0x0000000081600000, 0x0000000085a80000, 0x00000000d5d00000)
  object space 70144K, 37% used [0x0000000081600000,0x0000000082fbfd08,0x0000000085a80000)
 Metaspace       used 31239K, capacity 31706K, committed 32000K, reserved 1077248K
  class space    used 3816K, capacity 3981K, committed 4096K, reserved 1048576K
}

